Start testing: Sep 08 19:31 PDT
----------------------------------------------------------
1/58 Testing: JsonPointerTest.RootPath
1/58 Test: JsonPointerTest.RootPath
Command: "/home/harri/hermes-workspace/Permuto/build/permuto_tests" "--gtest_filter=JsonPointerTest.RootPath" "--gtest_also_run_disabled_tests"
Directory: /home/harri/hermes-workspace/Permuto/build
"JsonPointerTest.RootPath" start time: Sep 08 19:31 PDT
Output:
----------------------------------------------------------
Running main() from ./googletest/src/gtest_main.cc
Note: Google Test filter = JsonPointerTest.RootPath
[==========] Running 1 test from 1 test suite.
[----------] Global test environment set-up.
[----------] 1 test from JsonPointerTest
[ RUN      ] JsonPointerTest.RootPath
[       OK ] JsonPointerTest.RootPath (0 ms)
[----------] 1 test from JsonPointerTest (0 ms total)

[----------] Global test environment tear-down
[==========] 1 test from 1 test suite ran. (0 ms total)
[  PASSED  ] 1 test.
<end of output>
Test time =   0.00 sec
----------------------------------------------------------
Test Passed.
"JsonPointerTest.RootPath" end time: Sep 08 19:31 PDT
"JsonPointerTest.RootPath" time elapsed: 00:00:00
----------------------------------------------------------

2/58 Testing: JsonPointerTest.SimpleObjectAccess
2/58 Test: JsonPointerTest.SimpleObjectAccess
Command: "/home/harri/hermes-workspace/Permuto/build/permuto_tests" "--gtest_filter=JsonPointerTest.SimpleObjectAccess" "--gtest_also_run_disabled_tests"
Directory: /home/harri/hermes-workspace/Permuto/build
"JsonPointerTest.SimpleObjectAccess" start time: Sep 08 19:31 PDT
Output:
----------------------------------------------------------
Running main() from ./googletest/src/gtest_main.cc
Note: Google Test filter = JsonPointerTest.SimpleObjectAccess
[==========] Running 1 test from 1 test suite.
[----------] Global test environment set-up.
[----------] 1 test from JsonPointerTest
[ RUN      ] JsonPointerTest.SimpleObjectAccess
[       OK ] JsonPointerTest.SimpleObjectAccess (0 ms)
[----------] 1 test from JsonPointerTest (0 ms total)

[----------] Global test environment tear-down
[==========] 1 test from 1 test suite ran. (0 ms total)
[  PASSED  ] 1 test.
<end of output>
Test time =   0.00 sec
----------------------------------------------------------
Test Passed.
"JsonPointerTest.SimpleObjectAccess" end time: Sep 08 19:31 PDT
"JsonPointerTest.SimpleObjectAccess" time elapsed: 00:00:00
----------------------------------------------------------

3/58 Testing: JsonPointerTest.NestedObjectAccess
3/58 Test: JsonPointerTest.NestedObjectAccess
Command: "/home/harri/hermes-workspace/Permuto/build/permuto_tests" "--gtest_filter=JsonPointerTest.NestedObjectAccess" "--gtest_also_run_disabled_tests"
Directory: /home/harri/hermes-workspace/Permuto/build
"JsonPointerTest.NestedObjectAccess" start time: Sep 08 19:31 PDT
Output:
----------------------------------------------------------
Running main() from ./googletest/src/gtest_main.cc
Note: Google Test filter = JsonPointerTest.NestedObjectAccess
[==========] Running 1 test from 1 test suite.
[----------] Global test environment set-up.
[----------] 1 test from JsonPointerTest
[ RUN      ] JsonPointerTest.NestedObjectAccess
[       OK ] JsonPointerTest.NestedObjectAccess (0 ms)
[----------] 1 test from JsonPointerTest (0 ms total)

[----------] Global test environment tear-down
[==========] 1 test from 1 test suite ran. (0 ms total)
[  PASSED  ] 1 test.
<end of output>
Test time =   0.00 sec
----------------------------------------------------------
Test Passed.
"JsonPointerTest.NestedObjectAccess" end time: Sep 08 19:31 PDT
"JsonPointerTest.NestedObjectAccess" time elapsed: 00:00:00
----------------------------------------------------------

4/58 Testing: JsonPointerTest.ArrayAccess
4/58 Test: JsonPointerTest.ArrayAccess
Command: "/home/harri/hermes-workspace/Permuto/build/permuto_tests" "--gtest_filter=JsonPointerTest.ArrayAccess" "--gtest_also_run_disabled_tests"
Directory: /home/harri/hermes-workspace/Permuto/build
"JsonPointerTest.ArrayAccess" start time: Sep 08 19:31 PDT
Output:
----------------------------------------------------------
Running main() from ./googletest/src/gtest_main.cc
Note: Google Test filter = JsonPointerTest.ArrayAccess
[==========] Running 1 test from 1 test suite.
[----------] Global test environment set-up.
[----------] 1 test from JsonPointerTest
[ RUN      ] JsonPointerTest.ArrayAccess
[       OK ] JsonPointerTest.ArrayAccess (0 ms)
[----------] 1 test from JsonPointerTest (0 ms total)

[----------] Global test environment tear-down
[==========] 1 test from 1 test suite ran. (0 ms total)
[  PASSED  ] 1 test.
<end of output>
Test time =   0.00 sec
----------------------------------------------------------
Test Passed.
"JsonPointerTest.ArrayAccess" end time: Sep 08 19:31 PDT
"JsonPointerTest.ArrayAccess" time elapsed: 00:00:00
----------------------------------------------------------

5/58 Testing: JsonPointerTest.EscapedKeys
5/58 Test: JsonPointerTest.EscapedKeys
Command: "/home/harri/hermes-workspace/Permuto/build/permuto_tests" "--gtest_filter=JsonPointerTest.EscapedKeys" "--gtest_also_run_disabled_tests"
Directory: /home/harri/hermes-workspace/Permuto/build
"JsonPointerTest.EscapedKeys" start time: Sep 08 19:31 PDT
Output:
----------------------------------------------------------
Running main() from ./googletest/src/gtest_main.cc
Note: Google Test filter = JsonPointerTest.EscapedKeys
[==========] Running 1 test from 1 test suite.
[----------] Global test environment set-up.
[----------] 1 test from JsonPointerTest
[ RUN      ] JsonPointerTest.EscapedKeys
[       OK ] JsonPointerTest.EscapedKeys (0 ms)
[----------] 1 test from JsonPointerTest (0 ms total)

[----------] Global test environment tear-down
[==========] 1 test from 1 test suite ran. (0 ms total)
[  PASSED  ] 1 test.
<end of output>
Test time =   0.00 sec
----------------------------------------------------------
Test Passed.
"JsonPointerTest.EscapedKeys" end time: Sep 08 19:31 PDT
"JsonPointerTest.EscapedKeys" time elapsed: 00:00:00
----------------------------------------------------------

6/58 Testing: JsonPointerTest.MissingKeys
6/58 Test: JsonPointerTest.MissingKeys
Command: "/home/harri/hermes-workspace/Permuto/build/permuto_tests" "--gtest_filter=JsonPointerTest.MissingKeys" "--gtest_also_run_disabled_tests"
Directory: /home/harri/hermes-workspace/Permuto/build
"JsonPointerTest.MissingKeys" start time: Sep 08 19:31 PDT
Output:
----------------------------------------------------------
Running main() from ./googletest/src/gtest_main.cc
Note: Google Test filter = JsonPointerTest.MissingKeys
[==========] Running 1 test from 1 test suite.
[----------] Global test environment set-up.
[----------] 1 test from JsonPointerTest
[ RUN      ] JsonPointerTest.MissingKeys
[       OK ] JsonPointerTest.MissingKeys (0 ms)
[----------] 1 test from JsonPointerTest (0 ms total)

[----------] Global test environment tear-down
[==========] 1 test from 1 test suite ran. (0 ms total)
[  PASSED  ] 1 test.
<end of output>
Test time =   0.00 sec
----------------------------------------------------------
Test Passed.
"JsonPointerTest.MissingKeys" end time: Sep 08 19:31 PDT
"JsonPointerTest.MissingKeys" time elapsed: 00:00:00
----------------------------------------------------------

7/58 Testing: JsonPointerTest.ArrayOutOfBounds
7/58 Test: JsonPointerTest.ArrayOutOfBounds
Command: "/home/harri/hermes-workspace/Permuto/build/permuto_tests" "--gtest_filter=JsonPointerTest.ArrayOutOfBounds" "--gtest_also_run_disabled_tests"
Directory: /home/harri/hermes-workspace/Permuto/build
"JsonPointerTest.ArrayOutOfBounds" start time: Sep 08 19:31 PDT
Output:
----------------------------------------------------------
Running main() from ./googletest/src/gtest_main.cc
Note: Google Test filter = JsonPointerTest.ArrayOutOfBounds
[==========] Running 1 test from 1 test suite.
[----------] Global test environment set-up.
[----------] 1 test from JsonPointerTest
[ RUN      ] JsonPointerTest.ArrayOutOfBounds
[       OK ] JsonPointerTest.ArrayOutOfBounds (0 ms)
[----------] 1 test from JsonPointerTest (0 ms total)

[----------] Global test environment tear-down
[==========] 1 test from 1 test suite ran. (0 ms total)
[  PASSED  ] 1 test.
<end of output>
Test time =   0.00 sec
----------------------------------------------------------
Test Passed.
"JsonPointerTest.ArrayOutOfBounds" end time: Sep 08 19:31 PDT
"JsonPointerTest.ArrayOutOfBounds" time elapsed: 00:00:00
----------------------------------------------------------

8/58 Testing: JsonPointerTest.InvalidArrayIndex
8/58 Test: JsonPointerTest.InvalidArrayIndex
Command: "/home/harri/hermes-workspace/Permuto/build/permuto_tests" "--gtest_filter=JsonPointerTest.InvalidArrayIndex" "--gtest_also_run_disabled_tests"
Directory: /home/harri/hermes-workspace/Permuto/build
"JsonPointerTest.InvalidArrayIndex" start time: Sep 08 19:31 PDT
Output:
----------------------------------------------------------
Running main() from ./googletest/src/gtest_main.cc
Note: Google Test filter = JsonPointerTest.InvalidArrayIndex
[==========] Running 1 test from 1 test suite.
[----------] Global test environment set-up.
[----------] 1 test from JsonPointerTest
[ RUN      ] JsonPointerTest.InvalidArrayIndex
[       OK ] JsonPointerTest.InvalidArrayIndex (0 ms)
[----------] 1 test from JsonPointerTest (0 ms total)

[----------] Global test environment tear-down
[==========] 1 test from 1 test suite ran. (0 ms total)
[  PASSED  ] 1 test.
<end of output>
Test time =   0.00 sec
----------------------------------------------------------
Test Passed.
"JsonPointerTest.InvalidArrayIndex" end time: Sep 08 19:31 PDT
"JsonPointerTest.InvalidArrayIndex" time elapsed: 00:00:00
----------------------------------------------------------

9/58 Testing: JsonPointerTest.InvalidPath
9/58 Test: JsonPointerTest.InvalidPath
Command: "/home/harri/hermes-workspace/Permuto/build/permuto_tests" "--gtest_filter=JsonPointerTest.InvalidPath" "--gtest_also_run_disabled_tests"
Directory: /home/harri/hermes-workspace/Permuto/build
"JsonPointerTest.InvalidPath" start time: Sep 08 19:31 PDT
Output:
----------------------------------------------------------
Running main() from ./googletest/src/gtest_main.cc
Note: Google Test filter = JsonPointerTest.InvalidPath
[==========] Running 1 test from 1 test suite.
[----------] Global test environment set-up.
[----------] 1 test from JsonPointerTest
[ RUN      ] JsonPointerTest.InvalidPath
[       OK ] JsonPointerTest.InvalidPath (0 ms)
[----------] 1 test from JsonPointerTest (0 ms total)

[----------] Global test environment tear-down
[==========] 1 test from 1 test suite ran. (0 ms total)
[  PASSED  ] 1 test.
<end of output>
Test time =   0.00 sec
----------------------------------------------------------
Test Passed.
"JsonPointerTest.InvalidPath" end time: Sep 08 19:31 PDT
"JsonPointerTest.InvalidPath" time elapsed: 00:00:00
----------------------------------------------------------

10/58 Testing: TemplateProcessorTest.ExactMatchReplacement
10/58 Test: TemplateProcessorTest.ExactMatchReplacement
Command: "/home/harri/hermes-workspace/Permuto/build/permuto_tests" "--gtest_filter=TemplateProcessorTest.ExactMatchReplacement" "--gtest_also_run_disabled_tests"
Directory: /home/harri/hermes-workspace/Permuto/build
"TemplateProcessorTest.ExactMatchReplacement" start time: Sep 08 19:31 PDT
Output:
----------------------------------------------------------
Running main() from ./googletest/src/gtest_main.cc
Note: Google Test filter = TemplateProcessorTest.ExactMatchReplacement
[==========] Running 1 test from 1 test suite.
[----------] Global test environment set-up.
[----------] 1 test from TemplateProcessorTest
[ RUN      ] TemplateProcessorTest.ExactMatchReplacement
[       OK ] TemplateProcessorTest.ExactMatchReplacement (0 ms)
[----------] 1 test from TemplateProcessorTest (0 ms total)

[----------] Global test environment tear-down
[==========] 1 test from 1 test suite ran. (0 ms total)
[  PASSED  ] 1 test.
<end of output>
Test time =   0.00 sec
----------------------------------------------------------
Test Passed.
"TemplateProcessorTest.ExactMatchReplacement" end time: Sep 08 19:31 PDT
"TemplateProcessorTest.ExactMatchReplacement" time elapsed: 00:00:00
----------------------------------------------------------

11/58 Testing: TemplateProcessorTest.StringInterpolation
11/58 Test: TemplateProcessorTest.StringInterpolation
Command: "/home/harri/hermes-workspace/Permuto/build/permuto_tests" "--gtest_filter=TemplateProcessorTest.StringInterpolation" "--gtest_also_run_disabled_tests"
Directory: /home/harri/hermes-workspace/Permuto/build
"TemplateProcessorTest.StringInterpolation" start time: Sep 08 19:31 PDT
Output:
----------------------------------------------------------
Running main() from ./googletest/src/gtest_main.cc
Note: Google Test filter = TemplateProcessorTest.StringInterpolation
[==========] Running 1 test from 1 test suite.
[----------] Global test environment set-up.
[----------] 1 test from TemplateProcessorTest
[ RUN      ] TemplateProcessorTest.StringInterpolation
[       OK ] TemplateProcessorTest.StringInterpolation (0 ms)
[----------] 1 test from TemplateProcessorTest (0 ms total)

[----------] Global test environment tear-down
[==========] 1 test from 1 test suite ran. (0 ms total)
[  PASSED  ] 1 test.
<end of output>
Test time =   0.00 sec
----------------------------------------------------------
Test Passed.
"TemplateProcessorTest.StringInterpolation" end time: Sep 08 19:31 PDT
"TemplateProcessorTest.StringInterpolation" time elapsed: 00:00:00
----------------------------------------------------------

12/58 Testing: TemplateProcessorTest.NestedObjects
12/58 Test: TemplateProcessorTest.NestedObjects
Command: "/home/harri/hermes-workspace/Permuto/build/permuto_tests" "--gtest_filter=TemplateProcessorTest.NestedObjects" "--gtest_also_run_disabled_tests"
Directory: /home/harri/hermes-workspace/Permuto/build
"TemplateProcessorTest.NestedObjects" start time: Sep 08 19:31 PDT
Output:
----------------------------------------------------------
Running main() from ./googletest/src/gtest_main.cc
Note: Google Test filter = TemplateProcessorTest.NestedObjects
[==========] Running 1 test from 1 test suite.
[----------] Global test environment set-up.
[----------] 1 test from TemplateProcessorTest
[ RUN      ] TemplateProcessorTest.NestedObjects
[       OK ] TemplateProcessorTest.NestedObjects (0 ms)
[----------] 1 test from TemplateProcessorTest (0 ms total)

[----------] Global test environment tear-down
[==========] 1 test from 1 test suite ran. (0 ms total)
[  PASSED  ] 1 test.
<end of output>
Test time =   0.00 sec
----------------------------------------------------------
Test Passed.
"TemplateProcessorTest.NestedObjects" end time: Sep 08 19:31 PDT
"TemplateProcessorTest.NestedObjects" time elapsed: 00:00:00
----------------------------------------------------------

13/58 Testing: TemplateProcessorTest.Arrays
13/58 Test: TemplateProcessorTest.Arrays
Command: "/home/harri/hermes-workspace/Permuto/build/permuto_tests" "--gtest_filter=TemplateProcessorTest.Arrays" "--gtest_also_run_disabled_tests"
Directory: /home/harri/hermes-workspace/Permuto/build
"TemplateProcessorTest.Arrays" start time: Sep 08 19:31 PDT
Output:
----------------------------------------------------------
Running main() from ./googletest/src/gtest_main.cc
Note: Google Test filter = TemplateProcessorTest.Arrays
[==========] Running 1 test from 1 test suite.
[----------] Global test environment set-up.
[----------] 1 test from TemplateProcessorTest
[ RUN      ] TemplateProcessorTest.Arrays
[       OK ] TemplateProcessorTest.Arrays (0 ms)
[----------] 1 test from TemplateProcessorTest (0 ms total)

[----------] Global test environment tear-down
[==========] 1 test from 1 test suite ran. (0 ms total)
[  PASSED  ] 1 test.
<end of output>
Test time =   0.00 sec
----------------------------------------------------------
Test Passed.
"TemplateProcessorTest.Arrays" end time: Sep 08 19:31 PDT
"TemplateProcessorTest.Arrays" time elapsed: 00:00:00
----------------------------------------------------------

14/58 Testing: TemplateProcessorTest.MissingKeyIgnore
14/58 Test: TemplateProcessorTest.MissingKeyIgnore
Command: "/home/harri/hermes-workspace/Permuto/build/permuto_tests" "--gtest_filter=TemplateProcessorTest.MissingKeyIgnore" "--gtest_also_run_disabled_tests"
Directory: /home/harri/hermes-workspace/Permuto/build
"TemplateProcessorTest.MissingKeyIgnore" start time: Sep 08 19:31 PDT
Output:
----------------------------------------------------------
Running main() from ./googletest/src/gtest_main.cc
Note: Google Test filter = TemplateProcessorTest.MissingKeyIgnore
[==========] Running 1 test from 1 test suite.
[----------] Global test environment set-up.
[----------] 1 test from TemplateProcessorTest
[ RUN      ] TemplateProcessorTest.MissingKeyIgnore
[       OK ] TemplateProcessorTest.MissingKeyIgnore (0 ms)
[----------] 1 test from TemplateProcessorTest (0 ms total)

[----------] Global test environment tear-down
[==========] 1 test from 1 test suite ran. (0 ms total)
[  PASSED  ] 1 test.
<end of output>
Test time =   0.00 sec
----------------------------------------------------------
Test Passed.
"TemplateProcessorTest.MissingKeyIgnore" end time: Sep 08 19:31 PDT
"TemplateProcessorTest.MissingKeyIgnore" time elapsed: 00:00:00
----------------------------------------------------------

15/58 Testing: TemplateProcessorTest.MissingKeyError
15/58 Test: TemplateProcessorTest.MissingKeyError
Command: "/home/harri/hermes-workspace/Permuto/build/permuto_tests" "--gtest_filter=TemplateProcessorTest.MissingKeyError" "--gtest_also_run_disabled_tests"
Directory: /home/harri/hermes-workspace/Permuto/build
"TemplateProcessorTest.MissingKeyError" start time: Sep 08 19:31 PDT
Output:
----------------------------------------------------------
Running main() from ./googletest/src/gtest_main.cc
Note: Google Test filter = TemplateProcessorTest.MissingKeyError
[==========] Running 1 test from 1 test suite.
[----------] Global test environment set-up.
[----------] 1 test from TemplateProcessorTest
[ RUN      ] TemplateProcessorTest.MissingKeyError
[       OK ] TemplateProcessorTest.MissingKeyError (0 ms)
[----------] 1 test from TemplateProcessorTest (0 ms total)

[----------] Global test environment tear-down
[==========] 1 test from 1 test suite ran. (0 ms total)
[  PASSED  ] 1 test.
<end of output>
Test time =   0.00 sec
----------------------------------------------------------
Test Passed.
"TemplateProcessorTest.MissingKeyError" end time: Sep 08 19:31 PDT
"TemplateProcessorTest.MissingKeyError" time elapsed: 00:00:00
----------------------------------------------------------

16/58 Testing: TemplateProcessorTest.RecursionLimit
16/58 Test: TemplateProcessorTest.RecursionLimit
Command: "/home/harri/hermes-workspace/Permuto/build/permuto_tests" "--gtest_filter=TemplateProcessorTest.RecursionLimit" "--gtest_also_run_disabled_tests"
Directory: /home/harri/hermes-workspace/Permuto/build
"TemplateProcessorTest.RecursionLimit" start time: Sep 08 19:31 PDT
Output:
----------------------------------------------------------
Running main() from ./googletest/src/gtest_main.cc
Note: Google Test filter = TemplateProcessorTest.RecursionLimit
[==========] Running 1 test from 1 test suite.
[----------] Global test environment set-up.
[----------] 1 test from TemplateProcessorTest
[ RUN      ] TemplateProcessorTest.RecursionLimit
[       OK ] TemplateProcessorTest.RecursionLimit (0 ms)
[----------] 1 test from TemplateProcessorTest (0 ms total)

[----------] Global test environment tear-down
[==========] 1 test from 1 test suite ran. (0 ms total)
[  PASSED  ] 1 test.
<end of output>
Test time =   0.00 sec
----------------------------------------------------------
Test Passed.
"TemplateProcessorTest.RecursionLimit" end time: Sep 08 19:31 PDT
"TemplateProcessorTest.RecursionLimit" time elapsed: 00:00:00
----------------------------------------------------------

17/58 Testing: TemplateProcessorTest.CustomDelimiters
17/58 Test: TemplateProcessorTest.CustomDelimiters
Command: "/home/harri/hermes-workspace/Permuto/build/permuto_tests" "--gtest_filter=TemplateProcessorTest.CustomDelimiters" "--gtest_also_run_disabled_tests"
Directory: /home/harri/hermes-workspace/Permuto/build
"TemplateProcessorTest.CustomDelimiters" start time: Sep 08 19:31 PDT
Output:
----------------------------------------------------------
Running main() from ./googletest/src/gtest_main.cc
Note: Google Test filter = TemplateProcessorTest.CustomDelimiters
[==========] Running 1 test from 1 test suite.
[----------] Global test environment set-up.
[----------] 1 test from TemplateProcessorTest
[ RUN      ] TemplateProcessorTest.CustomDelimiters
[       OK ] TemplateProcessorTest.CustomDelimiters (0 ms)
[----------] 1 test from TemplateProcessorTest (0 ms total)

[----------] Global test environment tear-down
[==========] 1 test from 1 test suite ran. (0 ms total)
[  PASSED  ] 1 test.
<end of output>
Test time =   0.00 sec
----------------------------------------------------------
Test Passed.
"TemplateProcessorTest.CustomDelimiters" end time: Sep 08 19:31 PDT
"TemplateProcessorTest.CustomDelimiters" time elapsed: 00:00:00
----------------------------------------------------------

18/58 Testing: TemplateProcessorTest.TypePreservation
18/58 Test: TemplateProcessorTest.TypePreservation
Command: "/home/harri/hermes-workspace/Permuto/build/permuto_tests" "--gtest_filter=TemplateProcessorTest.TypePreservation" "--gtest_also_run_disabled_tests"
Directory: /home/harri/hermes-workspace/Permuto/build
"TemplateProcessorTest.TypePreservation" start time: Sep 08 19:31 PDT
Output:
----------------------------------------------------------
Running main() from ./googletest/src/gtest_main.cc
Note: Google Test filter = TemplateProcessorTest.TypePreservation
[==========] Running 1 test from 1 test suite.
[----------] Global test environment set-up.
[----------] 1 test from TemplateProcessorTest
[ RUN      ] TemplateProcessorTest.TypePreservation
[       OK ] TemplateProcessorTest.TypePreservation (0 ms)
[----------] 1 test from TemplateProcessorTest (0 ms total)

[----------] Global test environment tear-down
[==========] 1 test from 1 test suite ran. (0 ms total)
[  PASSED  ] 1 test.
<end of output>
Test time =   0.00 sec
----------------------------------------------------------
Test Passed.
"TemplateProcessorTest.TypePreservation" end time: Sep 08 19:31 PDT
"TemplateProcessorTest.TypePreservation" time elapsed: 00:00:00
----------------------------------------------------------

19/58 Testing: TemplateProcessorTest.RemoveModeObjectKeys
19/58 Test: TemplateProcessorTest.RemoveModeObjectKeys
Command: "/home/harri/hermes-workspace/Permuto/build/permuto_tests" "--gtest_filter=TemplateProcessorTest.RemoveModeObjectKeys" "--gtest_also_run_disabled_tests"
Directory: /home/harri/hermes-workspace/Permuto/build
"TemplateProcessorTest.RemoveModeObjectKeys" start time: Sep 08 19:31 PDT
Output:
----------------------------------------------------------
Running main() from ./googletest/src/gtest_main.cc
Note: Google Test filter = TemplateProcessorTest.RemoveModeObjectKeys
[==========] Running 1 test from 1 test suite.
[----------] Global test environment set-up.
[----------] 1 test from TemplateProcessorTest
[ RUN      ] TemplateProcessorTest.RemoveModeObjectKeys
[       OK ] TemplateProcessorTest.RemoveModeObjectKeys (0 ms)
[----------] 1 test from TemplateProcessorTest (0 ms total)

[----------] Global test environment tear-down
[==========] 1 test from 1 test suite ran. (0 ms total)
[  PASSED  ] 1 test.
<end of output>
Test time =   0.00 sec
----------------------------------------------------------
Test Passed.
"TemplateProcessorTest.RemoveModeObjectKeys" end time: Sep 08 19:31 PDT
"TemplateProcessorTest.RemoveModeObjectKeys" time elapsed: 00:00:00
----------------------------------------------------------

20/58 Testing: TemplateProcessorTest.RemoveModeNestedObjects
20/58 Test: TemplateProcessorTest.RemoveModeNestedObjects
Command: "/home/harri/hermes-workspace/Permuto/build/permuto_tests" "--gtest_filter=TemplateProcessorTest.RemoveModeNestedObjects" "--gtest_also_run_disabled_tests"
Directory: /home/harri/hermes-workspace/Permuto/build
"TemplateProcessorTest.RemoveModeNestedObjects" start time: Sep 08 19:31 PDT
Output:
----------------------------------------------------------
Running main() from ./googletest/src/gtest_main.cc
Note: Google Test filter = TemplateProcessorTest.RemoveModeNestedObjects
[==========] Running 1 test from 1 test suite.
[----------] Global test environment set-up.
[----------] 1 test from TemplateProcessorTest
[ RUN      ] TemplateProcessorTest.RemoveModeNestedObjects
[       OK ] TemplateProcessorTest.RemoveModeNestedObjects (0 ms)
[----------] 1 test from TemplateProcessorTest (0 ms total)

[----------] Global test environment tear-down
[==========] 1 test from 1 test suite ran. (0 ms total)
[  PASSED  ] 1 test.
<end of output>
Test time =   0.00 sec
----------------------------------------------------------
Test Passed.
"TemplateProcessorTest.RemoveModeNestedObjects" end time: Sep 08 19:31 PDT
"TemplateProcessorTest.RemoveModeNestedObjects" time elapsed: 00:00:00
----------------------------------------------------------

21/58 Testing: TemplateProcessorTest.RemoveModeArrayElements
21/58 Test: TemplateProcessorTest.RemoveModeArrayElements
Command: "/home/harri/hermes-workspace/Permuto/build/permuto_tests" "--gtest_filter=TemplateProcessorTest.RemoveModeArrayElements" "--gtest_also_run_disabled_tests"
Directory: /home/harri/hermes-workspace/Permuto/build
"TemplateProcessorTest.RemoveModeArrayElements" start time: Sep 08 19:31 PDT
Output:
----------------------------------------------------------
Running main() from ./googletest/src/gtest_main.cc
Note: Google Test filter = TemplateProcessorTest.RemoveModeArrayElements
[==========] Running 1 test from 1 test suite.
[----------] Global test environment set-up.
[----------] 1 test from TemplateProcessorTest
[ RUN      ] TemplateProcessorTest.RemoveModeArrayElements
[       OK ] TemplateProcessorTest.RemoveModeArrayElements (0 ms)
[----------] 1 test from TemplateProcessorTest (0 ms total)

[----------] Global test environment tear-down
[==========] 1 test from 1 test suite ran. (0 ms total)
[  PASSED  ] 1 test.
<end of output>
Test time =   0.00 sec
----------------------------------------------------------
Test Passed.
"TemplateProcessorTest.RemoveModeArrayElements" end time: Sep 08 19:31 PDT
"TemplateProcessorTest.RemoveModeArrayElements" time elapsed: 00:00:00
----------------------------------------------------------

22/58 Testing: TemplateProcessorTest.RemoveModeArrayWithMixedContent
22/58 Test: TemplateProcessorTest.RemoveModeArrayWithMixedContent
Command: "/home/harri/hermes-workspace/Permuto/build/permuto_tests" "--gtest_filter=TemplateProcessorTest.RemoveModeArrayWithMixedContent" "--gtest_also_run_disabled_tests"
Directory: /home/harri/hermes-workspace/Permuto/build
"TemplateProcessorTest.RemoveModeArrayWithMixedContent" start time: Sep 08 19:31 PDT
Output:
----------------------------------------------------------
Running main() from ./googletest/src/gtest_main.cc
Note: Google Test filter = TemplateProcessorTest.RemoveModeArrayWithMixedContent
[==========] Running 1 test from 1 test suite.
[----------] Global test environment set-up.
[----------] 1 test from TemplateProcessorTest
[ RUN      ] TemplateProcessorTest.RemoveModeArrayWithMixedContent
[       OK ] TemplateProcessorTest.RemoveModeArrayWithMixedContent (0 ms)
[----------] 1 test from TemplateProcessorTest (0 ms total)

[----------] Global test environment tear-down
[==========] 1 test from 1 test suite ran. (0 ms total)
[  PASSED  ] 1 test.
<end of output>
Test time =   0.00 sec
----------------------------------------------------------
Test Passed.
"TemplateProcessorTest.RemoveModeArrayWithMixedContent" end time: Sep 08 19:31 PDT
"TemplateProcessorTest.RemoveModeArrayWithMixedContent" time elapsed: 00:00:00
----------------------------------------------------------

23/58 Testing: TemplateProcessorTest.RemoveModeWithInterpolationError
23/58 Test: TemplateProcessorTest.RemoveModeWithInterpolationError
Command: "/home/harri/hermes-workspace/Permuto/build/permuto_tests" "--gtest_filter=TemplateProcessorTest.RemoveModeWithInterpolationError" "--gtest_also_run_disabled_tests"
Directory: /home/harri/hermes-workspace/Permuto/build
"TemplateProcessorTest.RemoveModeWithInterpolationError" start time: Sep 08 19:31 PDT
Output:
----------------------------------------------------------
Running main() from ./googletest/src/gtest_main.cc
Note: Google Test filter = TemplateProcessorTest.RemoveModeWithInterpolationError
[==========] Running 1 test from 1 test suite.
[----------] Global test environment set-up.
[----------] 1 test from TemplateProcessorTest
[ RUN      ] TemplateProcessorTest.RemoveModeWithInterpolationError
[       OK ] TemplateProcessorTest.RemoveModeWithInterpolationError (0 ms)
[----------] 1 test from TemplateProcessorTest (0 ms total)

[----------] Global test environment tear-down
[==========] 1 test from 1 test suite ran. (0 ms total)
[  PASSED  ] 1 test.
<end of output>
Test time =   0.00 sec
----------------------------------------------------------
Test Passed.
"TemplateProcessorTest.RemoveModeWithInterpolationError" end time: Sep 08 19:31 PDT
"TemplateProcessorTest.RemoveModeWithInterpolationError" time elapsed: 00:00:00
----------------------------------------------------------

24/58 Testing: TemplateProcessorTest.RemoveModeRootLevelError
24/58 Test: TemplateProcessorTest.RemoveModeRootLevelError
Command: "/home/harri/hermes-workspace/Permuto/build/permuto_tests" "--gtest_filter=TemplateProcessorTest.RemoveModeRootLevelError" "--gtest_also_run_disabled_tests"
Directory: /home/harri/hermes-workspace/Permuto/build
"TemplateProcessorTest.RemoveModeRootLevelError" start time: Sep 08 19:31 PDT
Output:
----------------------------------------------------------
Running main() from ./googletest/src/gtest_main.cc
Note: Google Test filter = TemplateProcessorTest.RemoveModeRootLevelError
[==========] Running 1 test from 1 test suite.
[----------] Global test environment set-up.
[----------] 1 test from TemplateProcessorTest
[ RUN      ] TemplateProcessorTest.RemoveModeRootLevelError
[       OK ] TemplateProcessorTest.RemoveModeRootLevelError (0 ms)
[----------] 1 test from TemplateProcessorTest (0 ms total)

[----------] Global test environment tear-down
[==========] 1 test from 1 test suite ran. (0 ms total)
[  PASSED  ] 1 test.
<end of output>
Test time =   0.00 sec
----------------------------------------------------------
Test Passed.
"TemplateProcessorTest.RemoveModeRootLevelError" end time: Sep 08 19:31 PDT
"TemplateProcessorTest.RemoveModeRootLevelError" time elapsed: 00:00:00
----------------------------------------------------------

25/58 Testing: TemplateProcessorTest.RemoveModeValidationInProcess
25/58 Test: TemplateProcessorTest.RemoveModeValidationInProcess
Command: "/home/harri/hermes-workspace/Permuto/build/permuto_tests" "--gtest_filter=TemplateProcessorTest.RemoveModeValidationInProcess" "--gtest_also_run_disabled_tests"
Directory: /home/harri/hermes-workspace/Permuto/build
"TemplateProcessorTest.RemoveModeValidationInProcess" start time: Sep 08 19:31 PDT
Output:
----------------------------------------------------------
Running main() from ./googletest/src/gtest_main.cc
Note: Google Test filter = TemplateProcessorTest.RemoveModeValidationInProcess
[==========] Running 1 test from 1 test suite.
[----------] Global test environment set-up.
[----------] 1 test from TemplateProcessorTest
[ RUN      ] TemplateProcessorTest.RemoveModeValidationInProcess
[       OK ] TemplateProcessorTest.RemoveModeValidationInProcess (0 ms)
[----------] 1 test from TemplateProcessorTest (0 ms total)

[----------] Global test environment tear-down
[==========] 1 test from 1 test suite ran. (0 ms total)
[  PASSED  ] 1 test.
<end of output>
Test time =   0.00 sec
----------------------------------------------------------
Test Passed.
"TemplateProcessorTest.RemoveModeValidationInProcess" end time: Sep 08 19:31 PDT
"TemplateProcessorTest.RemoveModeValidationInProcess" time elapsed: 00:00:00
----------------------------------------------------------

26/58 Testing: PlaceholderParserTest.ExactPlaceholder
26/58 Test: PlaceholderParserTest.ExactPlaceholder
Command: "/home/harri/hermes-workspace/Permuto/build/permuto_tests" "--gtest_filter=PlaceholderParserTest.ExactPlaceholder" "--gtest_also_run_disabled_tests"
Directory: /home/harri/hermes-workspace/Permuto/build
"PlaceholderParserTest.ExactPlaceholder" start time: Sep 08 19:31 PDT
Output:
----------------------------------------------------------
Running main() from ./googletest/src/gtest_main.cc
Note: Google Test filter = PlaceholderParserTest.ExactPlaceholder
[==========] Running 1 test from 1 test suite.
[----------] Global test environment set-up.
[----------] 1 test from PlaceholderParserTest
[ RUN      ] PlaceholderParserTest.ExactPlaceholder
[       OK ] PlaceholderParserTest.ExactPlaceholder (0 ms)
[----------] 1 test from PlaceholderParserTest (0 ms total)

[----------] Global test environment tear-down
[==========] 1 test from 1 test suite ran. (0 ms total)
[  PASSED  ] 1 test.
<end of output>
Test time =   0.00 sec
----------------------------------------------------------
Test Passed.
"PlaceholderParserTest.ExactPlaceholder" end time: Sep 08 19:31 PDT
"PlaceholderParserTest.ExactPlaceholder" time elapsed: 00:00:00
----------------------------------------------------------

27/58 Testing: PlaceholderParserTest.FindPlaceholders
27/58 Test: PlaceholderParserTest.FindPlaceholders
Command: "/home/harri/hermes-workspace/Permuto/build/permuto_tests" "--gtest_filter=PlaceholderParserTest.FindPlaceholders" "--gtest_also_run_disabled_tests"
Directory: /home/harri/hermes-workspace/Permuto/build
"PlaceholderParserTest.FindPlaceholders" start time: Sep 08 19:31 PDT
Output:
----------------------------------------------------------
Running main() from ./googletest/src/gtest_main.cc
Note: Google Test filter = PlaceholderParserTest.FindPlaceholders
[==========] Running 1 test from 1 test suite.
[----------] Global test environment set-up.
[----------] 1 test from PlaceholderParserTest
[ RUN      ] PlaceholderParserTest.FindPlaceholders
[       OK ] PlaceholderParserTest.FindPlaceholders (0 ms)
[----------] 1 test from PlaceholderParserTest (0 ms total)

[----------] Global test environment tear-down
[==========] 1 test from 1 test suite ran. (0 ms total)
[  PASSED  ] 1 test.
<end of output>
Test time =   0.00 sec
----------------------------------------------------------
Test Passed.
"PlaceholderParserTest.FindPlaceholders" end time: Sep 08 19:31 PDT
"PlaceholderParserTest.FindPlaceholders" time elapsed: 00:00:00
----------------------------------------------------------

28/58 Testing: PlaceholderParserTest.ExactMatchDetection
28/58 Test: PlaceholderParserTest.ExactMatchDetection
Command: "/home/harri/hermes-workspace/Permuto/build/permuto_tests" "--gtest_filter=PlaceholderParserTest.ExactMatchDetection" "--gtest_also_run_disabled_tests"
Directory: /home/harri/hermes-workspace/Permuto/build
"PlaceholderParserTest.ExactMatchDetection" start time: Sep 08 19:31 PDT
Output:
----------------------------------------------------------
Running main() from ./googletest/src/gtest_main.cc
Note: Google Test filter = PlaceholderParserTest.ExactMatchDetection
[==========] Running 1 test from 1 test suite.
[----------] Global test environment set-up.
[----------] 1 test from PlaceholderParserTest
[ RUN      ] PlaceholderParserTest.ExactMatchDetection
[       OK ] PlaceholderParserTest.ExactMatchDetection (0 ms)
[----------] 1 test from PlaceholderParserTest (0 ms total)

[----------] Global test environment tear-down
[==========] 1 test from 1 test suite ran. (0 ms total)
[  PASSED  ] 1 test.
<end of output>
Test time =   0.00 sec
----------------------------------------------------------
Test Passed.
"PlaceholderParserTest.ExactMatchDetection" end time: Sep 08 19:31 PDT
"PlaceholderParserTest.ExactMatchDetection" time elapsed: 00:00:00
----------------------------------------------------------

29/58 Testing: PlaceholderParserTest.CustomDelimiters
29/58 Test: PlaceholderParserTest.CustomDelimiters
Command: "/home/harri/hermes-workspace/Permuto/build/permuto_tests" "--gtest_filter=PlaceholderParserTest.CustomDelimiters" "--gtest_also_run_disabled_tests"
Directory: /home/harri/hermes-workspace/Permuto/build
"PlaceholderParserTest.CustomDelimiters" start time: Sep 08 19:31 PDT
Output:
----------------------------------------------------------
Running main() from ./googletest/src/gtest_main.cc
Note: Google Test filter = PlaceholderParserTest.CustomDelimiters
[==========] Running 1 test from 1 test suite.
[----------] Global test environment set-up.
[----------] 1 test from PlaceholderParserTest
[ RUN      ] PlaceholderParserTest.CustomDelimiters
[       OK ] PlaceholderParserTest.CustomDelimiters (0 ms)
[----------] 1 test from PlaceholderParserTest (0 ms total)

[----------] Global test environment tear-down
[==========] 1 test from 1 test suite ran. (0 ms total)
[  PASSED  ] 1 test.
<end of output>
Test time =   0.00 sec
----------------------------------------------------------
Test Passed.
"PlaceholderParserTest.CustomDelimiters" end time: Sep 08 19:31 PDT
"PlaceholderParserTest.CustomDelimiters" time elapsed: 00:00:00
----------------------------------------------------------

30/58 Testing: PlaceholderParserTest.ReplacePlaceholders
30/58 Test: PlaceholderParserTest.ReplacePlaceholders
Command: "/home/harri/hermes-workspace/Permuto/build/permuto_tests" "--gtest_filter=PlaceholderParserTest.ReplacePlaceholders" "--gtest_also_run_disabled_tests"
Directory: /home/harri/hermes-workspace/Permuto/build
"PlaceholderParserTest.ReplacePlaceholders" start time: Sep 08 19:31 PDT
Output:
----------------------------------------------------------
Running main() from ./googletest/src/gtest_main.cc
Note: Google Test filter = PlaceholderParserTest.ReplacePlaceholders
[==========] Running 1 test from 1 test suite.
[----------] Global test environment set-up.
[----------] 1 test from PlaceholderParserTest
[ RUN      ] PlaceholderParserTest.ReplacePlaceholders
[       OK ] PlaceholderParserTest.ReplacePlaceholders (0 ms)
[----------] 1 test from PlaceholderParserTest (0 ms total)

[----------] Global test environment tear-down
[==========] 1 test from 1 test suite ran. (0 ms total)
[  PASSED  ] 1 test.
<end of output>
Test time =   0.00 sec
----------------------------------------------------------
Test Passed.
"PlaceholderParserTest.ReplacePlaceholders" end time: Sep 08 19:31 PDT
"PlaceholderParserTest.ReplacePlaceholders" time elapsed: 00:00:00
----------------------------------------------------------

31/58 Testing: PlaceholderParserTest.NoPlaceholders
31/58 Test: PlaceholderParserTest.NoPlaceholders
Command: "/home/harri/hermes-workspace/Permuto/build/permuto_tests" "--gtest_filter=PlaceholderParserTest.NoPlaceholders" "--gtest_also_run_disabled_tests"
Directory: /home/harri/hermes-workspace/Permuto/build
"PlaceholderParserTest.NoPlaceholders" start time: Sep 08 19:31 PDT
Output:
----------------------------------------------------------
Running main() from ./googletest/src/gtest_main.cc
Note: Google Test filter = PlaceholderParserTest.NoPlaceholders
[==========] Running 1 test from 1 test suite.
[----------] Global test environment set-up.
[----------] 1 test from PlaceholderParserTest
[ RUN      ] PlaceholderParserTest.NoPlaceholders
[       OK ] PlaceholderParserTest.NoPlaceholders (0 ms)
[----------] 1 test from PlaceholderParserTest (0 ms total)

[----------] Global test environment tear-down
[==========] 1 test from 1 test suite ran. (0 ms total)
[  PASSED  ] 1 test.
<end of output>
Test time =   0.00 sec
----------------------------------------------------------
Test Passed.
"PlaceholderParserTest.NoPlaceholders" end time: Sep 08 19:31 PDT
"PlaceholderParserTest.NoPlaceholders" time elapsed: 00:00:00
----------------------------------------------------------

32/58 Testing: PlaceholderParserTest.MalformedPlaceholders
32/58 Test: PlaceholderParserTest.MalformedPlaceholders
Command: "/home/harri/hermes-workspace/Permuto/build/permuto_tests" "--gtest_filter=PlaceholderParserTest.MalformedPlaceholders" "--gtest_also_run_disabled_tests"
Directory: /home/harri/hermes-workspace/Permuto/build
"PlaceholderParserTest.MalformedPlaceholders" start time: Sep 08 19:31 PDT
Output:
----------------------------------------------------------
Running main() from ./googletest/src/gtest_main.cc
Note: Google Test filter = PlaceholderParserTest.MalformedPlaceholders
[==========] Running 1 test from 1 test suite.
[----------] Global test environment set-up.
[----------] 1 test from PlaceholderParserTest
[ RUN      ] PlaceholderParserTest.MalformedPlaceholders
[       OK ] PlaceholderParserTest.MalformedPlaceholders (0 ms)
[----------] 1 test from PlaceholderParserTest (0 ms total)

[----------] Global test environment tear-down
[==========] 1 test from 1 test suite ran. (0 ms total)
[  PASSED  ] 1 test.
<end of output>
Test time =   0.00 sec
----------------------------------------------------------
Test Passed.
"PlaceholderParserTest.MalformedPlaceholders" end time: Sep 08 19:31 PDT
"PlaceholderParserTest.MalformedPlaceholders" time elapsed: 00:00:00
----------------------------------------------------------

33/58 Testing: PlaceholderParserTest.InvalidDelimiters
33/58 Test: PlaceholderParserTest.InvalidDelimiters
Command: "/home/harri/hermes-workspace/Permuto/build/permuto_tests" "--gtest_filter=PlaceholderParserTest.InvalidDelimiters" "--gtest_also_run_disabled_tests"
Directory: /home/harri/hermes-workspace/Permuto/build
"PlaceholderParserTest.InvalidDelimiters" start time: Sep 08 19:31 PDT
Output:
----------------------------------------------------------
Running main() from ./googletest/src/gtest_main.cc
Note: Google Test filter = PlaceholderParserTest.InvalidDelimiters
[==========] Running 1 test from 1 test suite.
[----------] Global test environment set-up.
[----------] 1 test from PlaceholderParserTest
[ RUN      ] PlaceholderParserTest.InvalidDelimiters
[       OK ] PlaceholderParserTest.InvalidDelimiters (0 ms)
[----------] 1 test from PlaceholderParserTest (0 ms total)

[----------] Global test environment tear-down
[==========] 1 test from 1 test suite ran. (0 ms total)
[  PASSED  ] 1 test.
<end of output>
Test time =   0.00 sec
----------------------------------------------------------
Test Passed.
"PlaceholderParserTest.InvalidDelimiters" end time: Sep 08 19:31 PDT
"PlaceholderParserTest.InvalidDelimiters" time elapsed: 00:00:00
----------------------------------------------------------

34/58 Testing: PlaceholderParserTest.InvalidPaths
34/58 Test: PlaceholderParserTest.InvalidPaths
Command: "/home/harri/hermes-workspace/Permuto/build/permuto_tests" "--gtest_filter=PlaceholderParserTest.InvalidPaths" "--gtest_also_run_disabled_tests"
Directory: /home/harri/hermes-workspace/Permuto/build
"PlaceholderParserTest.InvalidPaths" start time: Sep 08 19:31 PDT
Output:
----------------------------------------------------------
Running main() from ./googletest/src/gtest_main.cc
Note: Google Test filter = PlaceholderParserTest.InvalidPaths
[==========] Running 1 test from 1 test suite.
[----------] Global test environment set-up.
[----------] 1 test from PlaceholderParserTest
[ RUN      ] PlaceholderParserTest.InvalidPaths
[       OK ] PlaceholderParserTest.InvalidPaths (0 ms)
[----------] 1 test from PlaceholderParserTest (0 ms total)

[----------] Global test environment tear-down
[==========] 1 test from 1 test suite ran. (0 ms total)
[  PASSED  ] 1 test.
<end of output>
Test time =   0.00 sec
----------------------------------------------------------
Test Passed.
"PlaceholderParserTest.InvalidPaths" end time: Sep 08 19:31 PDT
"PlaceholderParserTest.InvalidPaths" time elapsed: 00:00:00
----------------------------------------------------------

35/58 Testing: ReverseProcessorTest.CreateReverseTemplate
35/58 Test: ReverseProcessorTest.CreateReverseTemplate
Command: "/home/harri/hermes-workspace/Permuto/build/permuto_tests" "--gtest_filter=ReverseProcessorTest.CreateReverseTemplate" "--gtest_also_run_disabled_tests"
Directory: /home/harri/hermes-workspace/Permuto/build
"ReverseProcessorTest.CreateReverseTemplate" start time: Sep 08 19:31 PDT
Output:
----------------------------------------------------------
Running main() from ./googletest/src/gtest_main.cc
Note: Google Test filter = ReverseProcessorTest.CreateReverseTemplate
[==========] Running 1 test from 1 test suite.
[----------] Global test environment set-up.
[----------] 1 test from ReverseProcessorTest
[ RUN      ] ReverseProcessorTest.CreateReverseTemplate
[       OK ] ReverseProcessorTest.CreateReverseTemplate (0 ms)
[----------] 1 test from ReverseProcessorTest (0 ms total)

[----------] Global test environment tear-down
[==========] 1 test from 1 test suite ran. (0 ms total)
[  PASSED  ] 1 test.
<end of output>
Test time =   0.00 sec
----------------------------------------------------------
Test Passed.
"ReverseProcessorTest.CreateReverseTemplate" end time: Sep 08 19:31 PDT
"ReverseProcessorTest.CreateReverseTemplate" time elapsed: 00:00:00
----------------------------------------------------------

36/58 Testing: ReverseProcessorTest.ApplyReverse
36/58 Test: ReverseProcessorTest.ApplyReverse
Command: "/home/harri/hermes-workspace/Permuto/build/permuto_tests" "--gtest_filter=ReverseProcessorTest.ApplyReverse" "--gtest_also_run_disabled_tests"
Directory: /home/harri/hermes-workspace/Permuto/build
"ReverseProcessorTest.ApplyReverse" start time: Sep 08 19:31 PDT
Output:
----------------------------------------------------------
Running main() from ./googletest/src/gtest_main.cc
Note: Google Test filter = ReverseProcessorTest.ApplyReverse
[==========] Running 1 test from 1 test suite.
[----------] Global test environment set-up.
[----------] 1 test from ReverseProcessorTest
[ RUN      ] ReverseProcessorTest.ApplyReverse
[       OK ] ReverseProcessorTest.ApplyReverse (0 ms)
[----------] 1 test from ReverseProcessorTest (0 ms total)

[----------] Global test environment tear-down
[==========] 1 test from 1 test suite ran. (0 ms total)
[  PASSED  ] 1 test.
<end of output>
Test time =   0.00 sec
----------------------------------------------------------
Test Passed.
"ReverseProcessorTest.ApplyReverse" end time: Sep 08 19:31 PDT
"ReverseProcessorTest.ApplyReverse" time elapsed: 00:00:00
----------------------------------------------------------

37/58 Testing: ReverseProcessorTest.RoundTripIntegrity
37/58 Test: ReverseProcessorTest.RoundTripIntegrity
Command: "/home/harri/hermes-workspace/Permuto/build/permuto_tests" "--gtest_filter=ReverseProcessorTest.RoundTripIntegrity" "--gtest_also_run_disabled_tests"
Directory: /home/harri/hermes-workspace/Permuto/build
"ReverseProcessorTest.RoundTripIntegrity" start time: Sep 08 19:31 PDT
Output:
----------------------------------------------------------
Running main() from ./googletest/src/gtest_main.cc
Note: Google Test filter = ReverseProcessorTest.RoundTripIntegrity
[==========] Running 1 test from 1 test suite.
[----------] Global test environment set-up.
[----------] 1 test from ReverseProcessorTest
[ RUN      ] ReverseProcessorTest.RoundTripIntegrity
[       OK ] ReverseProcessorTest.RoundTripIntegrity (0 ms)
[----------] 1 test from ReverseProcessorTest (0 ms total)

[----------] Global test environment tear-down
[==========] 1 test from 1 test suite ran. (0 ms total)
[  PASSED  ] 1 test.
<end of output>
Test time =   0.00 sec
----------------------------------------------------------
Test Passed.
"ReverseProcessorTest.RoundTripIntegrity" end time: Sep 08 19:31 PDT
"ReverseProcessorTest.RoundTripIntegrity" time elapsed: 00:00:00
----------------------------------------------------------

38/58 Testing: ReverseProcessorTest.NestedTemplate
38/58 Test: ReverseProcessorTest.NestedTemplate
Command: "/home/harri/hermes-workspace/Permuto/build/permuto_tests" "--gtest_filter=ReverseProcessorTest.NestedTemplate" "--gtest_also_run_disabled_tests"
Directory: /home/harri/hermes-workspace/Permuto/build
"ReverseProcessorTest.NestedTemplate" start time: Sep 08 19:31 PDT
Output:
----------------------------------------------------------
Running main() from ./googletest/src/gtest_main.cc
Note: Google Test filter = ReverseProcessorTest.NestedTemplate
[==========] Running 1 test from 1 test suite.
[----------] Global test environment set-up.
[----------] 1 test from ReverseProcessorTest
[ RUN      ] ReverseProcessorTest.NestedTemplate
[       OK ] ReverseProcessorTest.NestedTemplate (0 ms)
[----------] 1 test from ReverseProcessorTest (0 ms total)

[----------] Global test environment tear-down
[==========] 1 test from 1 test suite ran. (0 ms total)
[  PASSED  ] 1 test.
<end of output>
Test time =   0.00 sec
----------------------------------------------------------
Test Passed.
"ReverseProcessorTest.NestedTemplate" end time: Sep 08 19:31 PDT
"ReverseProcessorTest.NestedTemplate" time elapsed: 00:00:00
----------------------------------------------------------

39/58 Testing: ReverseProcessorTest.ArrayTemplate
39/58 Test: ReverseProcessorTest.ArrayTemplate
Command: "/home/harri/hermes-workspace/Permuto/build/permuto_tests" "--gtest_filter=ReverseProcessorTest.ArrayTemplate" "--gtest_also_run_disabled_tests"
Directory: /home/harri/hermes-workspace/Permuto/build
"ReverseProcessorTest.ArrayTemplate" start time: Sep 08 19:31 PDT
Output:
----------------------------------------------------------
Running main() from ./googletest/src/gtest_main.cc
Note: Google Test filter = ReverseProcessorTest.ArrayTemplate
[==========] Running 1 test from 1 test suite.
[----------] Global test environment set-up.
[----------] 1 test from ReverseProcessorTest
[ RUN      ] ReverseProcessorTest.ArrayTemplate
[       OK ] ReverseProcessorTest.ArrayTemplate (0 ms)
[----------] 1 test from ReverseProcessorTest (0 ms total)

[----------] Global test environment tear-down
[==========] 1 test from 1 test suite ran. (0 ms total)
[  PASSED  ] 1 test.
<end of output>
Test time =   0.00 sec
----------------------------------------------------------
Test Passed.
"ReverseProcessorTest.ArrayTemplate" end time: Sep 08 19:31 PDT
"ReverseProcessorTest.ArrayTemplate" time elapsed: 00:00:00
----------------------------------------------------------

40/58 Testing: ReverseProcessorTest.InterpolationDisallowed
40/58 Test: ReverseProcessorTest.InterpolationDisallowed
Command: "/home/harri/hermes-workspace/Permuto/build/permuto_tests" "--gtest_filter=ReverseProcessorTest.InterpolationDisallowed" "--gtest_also_run_disabled_tests"
Directory: /home/harri/hermes-workspace/Permuto/build
"ReverseProcessorTest.InterpolationDisallowed" start time: Sep 08 19:31 PDT
Output:
----------------------------------------------------------
Running main() from ./googletest/src/gtest_main.cc
Note: Google Test filter = ReverseProcessorTest.InterpolationDisallowed
[==========] Running 1 test from 1 test suite.
[----------] Global test environment set-up.
[----------] 1 test from ReverseProcessorTest
[ RUN      ] ReverseProcessorTest.InterpolationDisallowed
[       OK ] ReverseProcessorTest.InterpolationDisallowed (0 ms)
[----------] 1 test from ReverseProcessorTest (0 ms total)

[----------] Global test environment tear-down
[==========] 1 test from 1 test suite ran. (0 ms total)
[  PASSED  ] 1 test.
<end of output>
Test time =   0.00 sec
----------------------------------------------------------
Test Passed.
"ReverseProcessorTest.InterpolationDisallowed" end time: Sep 08 19:31 PDT
"ReverseProcessorTest.InterpolationDisallowed" time elapsed: 00:00:00
----------------------------------------------------------

41/58 Testing: ReverseProcessorTest.NonPlaceholderElements
41/58 Test: ReverseProcessorTest.NonPlaceholderElements
Command: "/home/harri/hermes-workspace/Permuto/build/permuto_tests" "--gtest_filter=ReverseProcessorTest.NonPlaceholderElements" "--gtest_also_run_disabled_tests"
Directory: /home/harri/hermes-workspace/Permuto/build
"ReverseProcessorTest.NonPlaceholderElements" start time: Sep 08 19:31 PDT
Output:
----------------------------------------------------------
Running main() from ./googletest/src/gtest_main.cc
Note: Google Test filter = ReverseProcessorTest.NonPlaceholderElements
[==========] Running 1 test from 1 test suite.
[----------] Global test environment set-up.
[----------] 1 test from ReverseProcessorTest
[ RUN      ] ReverseProcessorTest.NonPlaceholderElements
[       OK ] ReverseProcessorTest.NonPlaceholderElements (0 ms)
[----------] 1 test from ReverseProcessorTest (0 ms total)

[----------] Global test environment tear-down
[==========] 1 test from 1 test suite ran. (0 ms total)
[  PASSED  ] 1 test.
<end of output>
Test time =   0.00 sec
----------------------------------------------------------
Test Passed.
"ReverseProcessorTest.NonPlaceholderElements" end time: Sep 08 19:31 PDT
"ReverseProcessorTest.NonPlaceholderElements" time elapsed: 00:00:00
----------------------------------------------------------

42/58 Testing: ReverseProcessorTest.EmptyTemplate
42/58 Test: ReverseProcessorTest.EmptyTemplate
Command: "/home/harri/hermes-workspace/Permuto/build/permuto_tests" "--gtest_filter=ReverseProcessorTest.EmptyTemplate" "--gtest_also_run_disabled_tests"
Directory: /home/harri/hermes-workspace/Permuto/build
"ReverseProcessorTest.EmptyTemplate" start time: Sep 08 19:31 PDT
Output:
----------------------------------------------------------
Running main() from ./googletest/src/gtest_main.cc
Note: Google Test filter = ReverseProcessorTest.EmptyTemplate
[==========] Running 1 test from 1 test suite.
[----------] Global test environment set-up.
[----------] 1 test from ReverseProcessorTest
[ RUN      ] ReverseProcessorTest.EmptyTemplate
[       OK ] ReverseProcessorTest.EmptyTemplate (0 ms)
[----------] 1 test from ReverseProcessorTest (0 ms total)

[----------] Global test environment tear-down
[==========] 1 test from 1 test suite ran. (0 ms total)
[  PASSED  ] 1 test.
<end of output>
Test time =   0.00 sec
----------------------------------------------------------
Test Passed.
"ReverseProcessorTest.EmptyTemplate" end time: Sep 08 19:31 PDT
"ReverseProcessorTest.EmptyTemplate" time elapsed: 00:00:00
----------------------------------------------------------

43/58 Testing: ReverseProcessorTest.MissingDataInResult
43/58 Test: ReverseProcessorTest.MissingDataInResult
Command: "/home/harri/hermes-workspace/Permuto/build/permuto_tests" "--gtest_filter=ReverseProcessorTest.MissingDataInResult" "--gtest_also_run_disabled_tests"
Directory: /home/harri/hermes-workspace/Permuto/build
"ReverseProcessorTest.MissingDataInResult" start time: Sep 08 19:31 PDT
Output:
----------------------------------------------------------
Running main() from ./googletest/src/gtest_main.cc
Note: Google Test filter = ReverseProcessorTest.MissingDataInResult
[==========] Running 1 test from 1 test suite.
[----------] Global test environment set-up.
[----------] 1 test from ReverseProcessorTest
[ RUN      ] ReverseProcessorTest.MissingDataInResult
[       OK ] ReverseProcessorTest.MissingDataInResult (0 ms)
[----------] 1 test from ReverseProcessorTest (0 ms total)

[----------] Global test environment tear-down
[==========] 1 test from 1 test suite ran. (0 ms total)
[  PASSED  ] 1 test.
<end of output>
Test time =   0.00 sec
----------------------------------------------------------
Test Passed.
"ReverseProcessorTest.MissingDataInResult" end time: Sep 08 19:31 PDT
"ReverseProcessorTest.MissingDataInResult" time elapsed: 00:00:00
----------------------------------------------------------

44/58 Testing: CycleDetectorTest.NoCycle
44/58 Test: CycleDetectorTest.NoCycle
Command: "/home/harri/hermes-workspace/Permuto/build/permuto_tests" "--gtest_filter=CycleDetectorTest.NoCycle" "--gtest_also_run_disabled_tests"
Directory: /home/harri/hermes-workspace/Permuto/build
"CycleDetectorTest.NoCycle" start time: Sep 08 19:31 PDT
Output:
----------------------------------------------------------
Running main() from ./googletest/src/gtest_main.cc
Note: Google Test filter = CycleDetectorTest.NoCycle
[==========] Running 1 test from 1 test suite.
[----------] Global test environment set-up.
[----------] 1 test from CycleDetectorTest
[ RUN      ] CycleDetectorTest.NoCycle
[       OK ] CycleDetectorTest.NoCycle (0 ms)
[----------] 1 test from CycleDetectorTest (0 ms total)

[----------] Global test environment tear-down
[==========] 1 test from 1 test suite ran. (0 ms total)
[  PASSED  ] 1 test.
<end of output>
Test time =   0.00 sec
----------------------------------------------------------
Test Passed.
"CycleDetectorTest.NoCycle" end time: Sep 08 19:31 PDT
"CycleDetectorTest.NoCycle" time elapsed: 00:00:00
----------------------------------------------------------

45/58 Testing: CycleDetectorTest.DirectCycle
45/58 Test: CycleDetectorTest.DirectCycle
Command: "/home/harri/hermes-workspace/Permuto/build/permuto_tests" "--gtest_filter=CycleDetectorTest.DirectCycle" "--gtest_also_run_disabled_tests"
Directory: /home/harri/hermes-workspace/Permuto/build
"CycleDetectorTest.DirectCycle" start time: Sep 08 19:31 PDT
Output:
----------------------------------------------------------
Running main() from ./googletest/src/gtest_main.cc
Note: Google Test filter = CycleDetectorTest.DirectCycle
[==========] Running 1 test from 1 test suite.
[----------] Global test environment set-up.
[----------] 1 test from CycleDetectorTest
[ RUN      ] CycleDetectorTest.DirectCycle
[       OK ] CycleDetectorTest.DirectCycle (0 ms)
[----------] 1 test from CycleDetectorTest (0 ms total)

[----------] Global test environment tear-down
[==========] 1 test from 1 test suite ran. (0 ms total)
[  PASSED  ] 1 test.
<end of output>
Test time =   0.00 sec
----------------------------------------------------------
Test Passed.
"CycleDetectorTest.DirectCycle" end time: Sep 08 19:31 PDT
"CycleDetectorTest.DirectCycle" time elapsed: 00:00:00
----------------------------------------------------------

46/58 Testing: CycleDetectorTest.IndirectCycle
46/58 Test: CycleDetectorTest.IndirectCycle
Command: "/home/harri/hermes-workspace/Permuto/build/permuto_tests" "--gtest_filter=CycleDetectorTest.IndirectCycle" "--gtest_also_run_disabled_tests"
Directory: /home/harri/hermes-workspace/Permuto/build
"CycleDetectorTest.IndirectCycle" start time: Sep 08 19:31 PDT
Output:
----------------------------------------------------------
Running main() from ./googletest/src/gtest_main.cc
Note: Google Test filter = CycleDetectorTest.IndirectCycle
[==========] Running 1 test from 1 test suite.
[----------] Global test environment set-up.
[----------] 1 test from CycleDetectorTest
[ RUN      ] CycleDetectorTest.IndirectCycle
[       OK ] CycleDetectorTest.IndirectCycle (0 ms)
[----------] 1 test from CycleDetectorTest (0 ms total)

[----------] Global test environment tear-down
[==========] 1 test from 1 test suite ran. (0 ms total)
[  PASSED  ] 1 test.
<end of output>
Test time =   0.00 sec
----------------------------------------------------------
Test Passed.
"CycleDetectorTest.IndirectCycle" end time: Sep 08 19:31 PDT
"CycleDetectorTest.IndirectCycle" time elapsed: 00:00:00
----------------------------------------------------------

47/58 Testing: CycleDetectorTest.PopPath
47/58 Test: CycleDetectorTest.PopPath
Command: "/home/harri/hermes-workspace/Permuto/build/permuto_tests" "--gtest_filter=CycleDetectorTest.PopPath" "--gtest_also_run_disabled_tests"
Directory: /home/harri/hermes-workspace/Permuto/build
"CycleDetectorTest.PopPath" start time: Sep 08 19:31 PDT
Output:
----------------------------------------------------------
Running main() from ./googletest/src/gtest_main.cc
Note: Google Test filter = CycleDetectorTest.PopPath
[==========] Running 1 test from 1 test suite.
[----------] Global test environment set-up.
[----------] 1 test from CycleDetectorTest
[ RUN      ] CycleDetectorTest.PopPath
[       OK ] CycleDetectorTest.PopPath (0 ms)
[----------] 1 test from CycleDetectorTest (0 ms total)

[----------] Global test environment tear-down
[==========] 1 test from 1 test suite ran. (0 ms total)
[  PASSED  ] 1 test.
<end of output>
Test time =   0.00 sec
----------------------------------------------------------
Test Passed.
"CycleDetectorTest.PopPath" end time: Sep 08 19:31 PDT
"CycleDetectorTest.PopPath" time elapsed: 00:00:00
----------------------------------------------------------

48/58 Testing: CycleDetectorTest.GetCurrentPath
48/58 Test: CycleDetectorTest.GetCurrentPath
Command: "/home/harri/hermes-workspace/Permuto/build/permuto_tests" "--gtest_filter=CycleDetectorTest.GetCurrentPath" "--gtest_also_run_disabled_tests"
Directory: /home/harri/hermes-workspace/Permuto/build
"CycleDetectorTest.GetCurrentPath" start time: Sep 08 19:31 PDT
Output:
----------------------------------------------------------
Running main() from ./googletest/src/gtest_main.cc
Note: Google Test filter = CycleDetectorTest.GetCurrentPath
[==========] Running 1 test from 1 test suite.
[----------] Global test environment set-up.
[----------] 1 test from CycleDetectorTest
[ RUN      ] CycleDetectorTest.GetCurrentPath
[       OK ] CycleDetectorTest.GetCurrentPath (0 ms)
[----------] 1 test from CycleDetectorTest (0 ms total)

[----------] Global test environment tear-down
[==========] 1 test from 1 test suite ran. (0 ms total)
[  PASSED  ] 1 test.
<end of output>
Test time =   0.00 sec
----------------------------------------------------------
Test Passed.
"CycleDetectorTest.GetCurrentPath" end time: Sep 08 19:31 PDT
"CycleDetectorTest.GetCurrentPath" time elapsed: 00:00:00
----------------------------------------------------------

49/58 Testing: CycleDetectorTest.Clear
49/58 Test: CycleDetectorTest.Clear
Command: "/home/harri/hermes-workspace/Permuto/build/permuto_tests" "--gtest_filter=CycleDetectorTest.Clear" "--gtest_also_run_disabled_tests"
Directory: /home/harri/hermes-workspace/Permuto/build
"CycleDetectorTest.Clear" start time: Sep 08 19:31 PDT
Output:
----------------------------------------------------------
Running main() from ./googletest/src/gtest_main.cc
Note: Google Test filter = CycleDetectorTest.Clear
[==========] Running 1 test from 1 test suite.
[----------] Global test environment set-up.
[----------] 1 test from CycleDetectorTest
[ RUN      ] CycleDetectorTest.Clear
[       OK ] CycleDetectorTest.Clear (0 ms)
[----------] 1 test from CycleDetectorTest (0 ms total)

[----------] Global test environment tear-down
[==========] 1 test from 1 test suite ran. (0 ms total)
[  PASSED  ] 1 test.
<end of output>
Test time =   0.00 sec
----------------------------------------------------------
Test Passed.
"CycleDetectorTest.Clear" end time: Sep 08 19:31 PDT
"CycleDetectorTest.Clear" time elapsed: 00:00:00
----------------------------------------------------------

50/58 Testing: CycleDetectorTest.EmptyPopPath
50/58 Test: CycleDetectorTest.EmptyPopPath
Command: "/home/harri/hermes-workspace/Permuto/build/permuto_tests" "--gtest_filter=CycleDetectorTest.EmptyPopPath" "--gtest_also_run_disabled_tests"
Directory: /home/harri/hermes-workspace/Permuto/build
"CycleDetectorTest.EmptyPopPath" start time: Sep 08 19:31 PDT
Output:
----------------------------------------------------------
Running main() from ./googletest/src/gtest_main.cc
Note: Google Test filter = CycleDetectorTest.EmptyPopPath
[==========] Running 1 test from 1 test suite.
[----------] Global test environment set-up.
[----------] 1 test from CycleDetectorTest
[ RUN      ] CycleDetectorTest.EmptyPopPath
[       OK ] CycleDetectorTest.EmptyPopPath (0 ms)
[----------] 1 test from CycleDetectorTest (0 ms total)

[----------] Global test environment tear-down
[==========] 1 test from 1 test suite ran. (0 ms total)
[  PASSED  ] 1 test.
<end of output>
Test time =   0.00 sec
----------------------------------------------------------
Test Passed.
"CycleDetectorTest.EmptyPopPath" end time: Sep 08 19:31 PDT
"CycleDetectorTest.EmptyPopPath" time elapsed: 00:00:00
----------------------------------------------------------

51/58 Testing: IntegrationTest.FullAPIWorkflow
51/58 Test: IntegrationTest.FullAPIWorkflow
Command: "/home/harri/hermes-workspace/Permuto/build/permuto_tests" "--gtest_filter=IntegrationTest.FullAPIWorkflow" "--gtest_also_run_disabled_tests"
Directory: /home/harri/hermes-workspace/Permuto/build
"IntegrationTest.FullAPIWorkflow" start time: Sep 08 19:31 PDT
Output:
----------------------------------------------------------
Running main() from ./googletest/src/gtest_main.cc
Note: Google Test filter = IntegrationTest.FullAPIWorkflow
[==========] Running 1 test from 1 test suite.
[----------] Global test environment set-up.
[----------] 1 test from IntegrationTest
[ RUN      ] IntegrationTest.FullAPIWorkflow
[       OK ] IntegrationTest.FullAPIWorkflow (0 ms)
[----------] 1 test from IntegrationTest (0 ms total)

[----------] Global test environment tear-down
[==========] 1 test from 1 test suite ran. (0 ms total)
[  PASSED  ] 1 test.
<end of output>
Test time =   0.00 sec
----------------------------------------------------------
Test Passed.
"IntegrationTest.FullAPIWorkflow" end time: Sep 08 19:31 PDT
"IntegrationTest.FullAPIWorkflow" time elapsed: 00:00:00
----------------------------------------------------------

52/58 Testing: IntegrationTest.ComplexNestedStructure
52/58 Test: IntegrationTest.ComplexNestedStructure
Command: "/home/harri/hermes-workspace/Permuto/build/permuto_tests" "--gtest_filter=IntegrationTest.ComplexNestedStructure" "--gtest_also_run_disabled_tests"
Directory: /home/harri/hermes-workspace/Permuto/build
"IntegrationTest.ComplexNestedStructure" start time: Sep 08 19:31 PDT
Output:
----------------------------------------------------------
Running main() from ./googletest/src/gtest_main.cc
Note: Google Test filter = IntegrationTest.ComplexNestedStructure
[==========] Running 1 test from 1 test suite.
[----------] Global test environment set-up.
[----------] 1 test from IntegrationTest
[ RUN      ] IntegrationTest.ComplexNestedStructure
[       OK ] IntegrationTest.ComplexNestedStructure (0 ms)
[----------] 1 test from IntegrationTest (0 ms total)

[----------] Global test environment tear-down
[==========] 1 test from 1 test suite ran. (0 ms total)
[  PASSED  ] 1 test.
<end of output>
Test time =   0.00 sec
----------------------------------------------------------
Test Passed.
"IntegrationTest.ComplexNestedStructure" end time: Sep 08 19:31 PDT
"IntegrationTest.ComplexNestedStructure" time elapsed: 00:00:00
----------------------------------------------------------

53/58 Testing: IntegrationTest.StringInterpolationIntegration
53/58 Test: IntegrationTest.StringInterpolationIntegration
Command: "/home/harri/hermes-workspace/Permuto/build/permuto_tests" "--gtest_filter=IntegrationTest.StringInterpolationIntegration" "--gtest_also_run_disabled_tests"
Directory: /home/harri/hermes-workspace/Permuto/build
"IntegrationTest.StringInterpolationIntegration" start time: Sep 08 19:31 PDT
Output:
----------------------------------------------------------
Running main() from ./googletest/src/gtest_main.cc
Note: Google Test filter = IntegrationTest.StringInterpolationIntegration
[==========] Running 1 test from 1 test suite.
[----------] Global test environment set-up.
[----------] 1 test from IntegrationTest
[ RUN      ] IntegrationTest.StringInterpolationIntegration
[       OK ] IntegrationTest.StringInterpolationIntegration (0 ms)
[----------] 1 test from IntegrationTest (0 ms total)

[----------] Global test environment tear-down
[==========] 1 test from 1 test suite ran. (0 ms total)
[  PASSED  ] 1 test.
<end of output>
Test time =   0.00 sec
----------------------------------------------------------
Test Passed.
"IntegrationTest.StringInterpolationIntegration" end time: Sep 08 19:31 PDT
"IntegrationTest.StringInterpolationIntegration" time elapsed: 00:00:00
----------------------------------------------------------

54/58 Testing: IntegrationTest.ErrorHandlingIntegration
54/58 Test: IntegrationTest.ErrorHandlingIntegration
Command: "/home/harri/hermes-workspace/Permuto/build/permuto_tests" "--gtest_filter=IntegrationTest.ErrorHandlingIntegration" "--gtest_also_run_disabled_tests"
Directory: /home/harri/hermes-workspace/Permuto/build
"IntegrationTest.ErrorHandlingIntegration" start time: Sep 08 19:31 PDT
Output:
----------------------------------------------------------
Running main() from ./googletest/src/gtest_main.cc
Note: Google Test filter = IntegrationTest.ErrorHandlingIntegration
[==========] Running 1 test from 1 test suite.
[----------] Global test environment set-up.
[----------] 1 test from IntegrationTest
[ RUN      ] IntegrationTest.ErrorHandlingIntegration
[       OK ] IntegrationTest.ErrorHandlingIntegration (0 ms)
[----------] 1 test from IntegrationTest (0 ms total)

[----------] Global test environment tear-down
[==========] 1 test from 1 test suite ran. (0 ms total)
[  PASSED  ] 1 test.
<end of output>
Test time =   0.00 sec
----------------------------------------------------------
Test Passed.
"IntegrationTest.ErrorHandlingIntegration" end time: Sep 08 19:31 PDT
"IntegrationTest.ErrorHandlingIntegration" time elapsed: 00:00:00
----------------------------------------------------------

55/58 Testing: IntegrationTest.CustomDelimitersIntegration
55/58 Test: IntegrationTest.CustomDelimitersIntegration
Command: "/home/harri/hermes-workspace/Permuto/build/permuto_tests" "--gtest_filter=IntegrationTest.CustomDelimitersIntegration" "--gtest_also_run_disabled_tests"
Directory: /home/harri/hermes-workspace/Permuto/build
"IntegrationTest.CustomDelimitersIntegration" start time: Sep 08 19:31 PDT
Output:
----------------------------------------------------------
Running main() from ./googletest/src/gtest_main.cc
Note: Google Test filter = IntegrationTest.CustomDelimitersIntegration
[==========] Running 1 test from 1 test suite.
[----------] Global test environment set-up.
[----------] 1 test from IntegrationTest
[ RUN      ] IntegrationTest.CustomDelimitersIntegration
[       OK ] IntegrationTest.CustomDelimitersIntegration (0 ms)
[----------] 1 test from IntegrationTest (0 ms total)

[----------] Global test environment tear-down
[==========] 1 test from 1 test suite ran. (0 ms total)
[  PASSED  ] 1 test.
<end of output>
Test time =   0.00 sec
----------------------------------------------------------
Test Passed.
"IntegrationTest.CustomDelimitersIntegration" end time: Sep 08 19:31 PDT
"IntegrationTest.CustomDelimitersIntegration" time elapsed: 00:00:00
----------------------------------------------------------

56/58 Testing: IntegrationTest.PerformanceBaseline
56/58 Test: IntegrationTest.PerformanceBaseline
Command: "/home/harri/hermes-workspace/Permuto/build/permuto_tests" "--gtest_filter=IntegrationTest.PerformanceBaseline" "--gtest_also_run_disabled_tests"
Directory: /home/harri/hermes-workspace/Permuto/build
"IntegrationTest.PerformanceBaseline" start time: Sep 08 19:31 PDT
Output:
----------------------------------------------------------
Running main() from ./googletest/src/gtest_main.cc
Note: Google Test filter = IntegrationTest.PerformanceBaseline
[==========] Running 1 test from 1 test suite.
[----------] Global test environment set-up.
[----------] 1 test from IntegrationTest
[ RUN      ] IntegrationTest.PerformanceBaseline
[       OK ] IntegrationTest.PerformanceBaseline (1 ms)
[----------] 1 test from IntegrationTest (1 ms total)

[----------] Global test environment tear-down
[==========] 1 test from 1 test suite ran. (1 ms total)
[  PASSED  ] 1 test.
<end of output>
Test time =   0.00 sec
----------------------------------------------------------
Test Passed.
"IntegrationTest.PerformanceBaseline" end time: Sep 08 19:31 PDT
"IntegrationTest.PerformanceBaseline" time elapsed: 00:00:00
----------------------------------------------------------

57/58 Testing: IntegrationTest.LLMAPIWithRemoveMode
57/58 Test: IntegrationTest.LLMAPIWithRemoveMode
Command: "/home/harri/hermes-workspace/Permuto/build/permuto_tests" "--gtest_filter=IntegrationTest.LLMAPIWithRemoveMode" "--gtest_also_run_disabled_tests"
Directory: /home/harri/hermes-workspace/Permuto/build
"IntegrationTest.LLMAPIWithRemoveMode" start time: Sep 08 19:31 PDT
Output:
----------------------------------------------------------
Running main() from ./googletest/src/gtest_main.cc
Note: Google Test filter = IntegrationTest.LLMAPIWithRemoveMode
[==========] Running 1 test from 1 test suite.
[----------] Global test environment set-up.
[----------] 1 test from IntegrationTest
[ RUN      ] IntegrationTest.LLMAPIWithRemoveMode
[       OK ] IntegrationTest.LLMAPIWithRemoveMode (0 ms)
[----------] 1 test from IntegrationTest (0 ms total)

[----------] Global test environment tear-down
[==========] 1 test from 1 test suite ran. (0 ms total)
[  PASSED  ] 1 test.
<end of output>
Test time =   0.00 sec
----------------------------------------------------------
Test Passed.
"IntegrationTest.LLMAPIWithRemoveMode" end time: Sep 08 19:31 PDT
"IntegrationTest.LLMAPIWithRemoveMode" time elapsed: 00:00:00
----------------------------------------------------------

58/58 Testing: IntegrationTest.MixedModeWorkflow
58/58 Test: IntegrationTest.MixedModeWorkflow
Command: "/home/harri/hermes-workspace/Permuto/build/permuto_tests" "--gtest_filter=IntegrationTest.MixedModeWorkflow" "--gtest_also_run_disabled_tests"
Directory: /home/harri/hermes-workspace/Permuto/build
"IntegrationTest.MixedModeWorkflow" start time: Sep 08 19:31 PDT
Output:
----------------------------------------------------------
Running main() from ./googletest/src/gtest_main.cc
Note: Google Test filter = IntegrationTest.MixedModeWorkflow
[==========] Running 1 test from 1 test suite.
[----------] Global test environment set-up.
[----------] 1 test from IntegrationTest
[ RUN      ] IntegrationTest.MixedModeWorkflow
[       OK ] IntegrationTest.MixedModeWorkflow (0 ms)
[----------] 1 test from IntegrationTest (0 ms total)

[----------] Global test environment tear-down
[==========] 1 test from 1 test suite ran. (0 ms total)
[  PASSED  ] 1 test.
<end of output>
Test time =   0.00 sec
----------------------------------------------------------
Test Passed.
"IntegrationTest.MixedModeWorkflow" end time: Sep 08 19:31 PDT
"IntegrationTest.MixedModeWorkflow" time elapsed: 00:00:00
----------------------------------------------------------

End testing: Sep 08 19:31 PDT
